[2025-02-05T04:05:31.676Z] INFO: 
[2025-02-05T04:05:38.804Z] INFO: Server Running on port 
[2025-02-05T04:05:43.795Z] INFO: Server Running on port 6969
[2025-02-05T04:05:52.783Z] INFO: 
[2025-02-05T04:05:52.786Z] INFO: Server Running on port 6969
[2025-02-05T04:06:03.217Z] INFO: App Starting
[2025-02-05T04:06:03.220Z] INFO: Server Running on port 6969
[2025-02-05T04:06:06.797Z] INFO: App Starting
[2025-02-05T04:06:06.799Z] INFO: Server Running on port 6969
[2025-02-05T04:06:07.175Z] INFO: Server Running on port 6969
[2025-02-05T04:06:14.263Z] INFO: App Starting
[2025-02-05T04:06:14.271Z] INFO: Server Running on port 6969
[2025-02-05T04:06:15.570Z] INFO: App Starting
[2025-02-05T04:06:15.578Z] INFO: Server Running on port 6969
[2025-02-05T04:06:29.921Z] INFO: App Starting
[2025-02-05T04:06:29.932Z] INFO: Server Running on port 6969
[2025-02-05T04:06:37.759Z] INFO: App Starting
[2025-02-05T04:06:37.770Z] INFO: Server Running on port 6969
[2025-02-05T04:06:55.592Z] INFO: App Starting
[2025-02-05T04:06:55.602Z] INFO: Server Running on port 6969
[2025-02-05T04:07:30.081Z] INFO: App Starting
[2025-02-05T04:07:30.093Z] INFO: Server Running on port 6969
[2025-02-05T04:07:33.800Z] INFO: App Starting
[2025-02-05T04:07:33.809Z] INFO: Server Running on port 6969
[2025-02-05T04:07:36.732Z] INFO: App Starting
[2025-02-05T04:07:36.741Z] INFO: Server Running on port 6969
[2025-02-05T04:08:28.386Z] INFO: Server Running on port 6969
[2025-02-05T04:08:38.318Z] INFO: App Starting
[2025-02-05T04:08:38.322Z] INFO: Server Running on port 6969
[2025-02-05T04:08:42.059Z] INFO: App Starting
[2025-02-05T04:08:42.063Z] INFO: Server Running on port 6969
[2025-02-05T04:09:19.142Z] INFO: App Starting
[2025-02-05T04:09:19.145Z] INFO: Server Running on port 6969
[2025-02-05T04:09:23.889Z] INFO: App Starting
[2025-02-05T04:09:23.892Z] INFO: Server Running on port 6969
[2025-02-05T04:09:39.253Z] INFO: App Starting
[2025-02-05T04:09:39.257Z] INFO: Server Running on port 6969
[2025-02-05T04:09:42.444Z] INFO: App Starting
[2025-02-05T04:09:42.447Z] INFO: Server Running on port 6969
[2025-02-05T04:09:44.986Z] INFO: App Starting
[2025-02-05T04:09:44.989Z] INFO: Server Running on port 6969
[2025-02-05T04:12:08.998Z] INFO: Server Running on port 6969
[2025-02-05T04:12:10.591Z] INFO: Server Running on port 6969
[2025-02-05T04:12:14.234Z] INFO: App Starting
[2025-02-05T04:12:14.239Z] INFO: Server Running on port 6969
[2025-02-05T04:12:17.345Z] INFO: Server Starting
[2025-02-05T04:12:17.349Z] INFO: Server Running on port 6969
[2025-02-05T04:12:20.657Z] INFO: Server Starting
[2025-02-05T04:12:20.662Z] INFO: Server Running on port 6969
[2025-02-05T04:12:22.490Z] INFO: Server Starting
[2025-02-05T04:12:22.494Z] INFO: Server Running on port 6969
[2025-02-05T04:12:32.376Z] INFO: Server Starting
[2025-02-05T04:12:32.380Z] INFO: Server Running on port 6969
[2025-02-05T04:12:38.184Z] INFO: Server Starting
[2025-02-05T04:12:38.189Z] INFO: Server Running on port 6969
[2025-02-05T04:12:52.374Z] INFO: Server Starting
[2025-02-05T04:12:52.381Z] INFO: Server Running on port 6969
[2025-02-05T04:12:54.101Z] INFO: Server Starting
[2025-02-05T04:12:54.106Z] INFO: Server Running on port 6969
[2025-02-05T04:12:57.817Z] INFO: Server Starting
[2025-02-05T04:12:57.822Z] INFO: Server Running on port 6969
[2025-02-05T04:13:00.713Z] INFO: Server Starting
[2025-02-05T04:13:00.718Z] INFO: Server Running on port 6969
[2025-02-05T04:13:05.867Z] INFO: Server Starting
[2025-02-05T04:13:05.871Z] INFO: Server Running on port 6969
[2025-02-05T04:13:19.830Z] INFO: Server Starting
[2025-02-05T04:13:19.836Z] INFO: Server Running on port 6969
[2025-02-05T04:13:27.217Z] INFO: Server Starting
[2025-02-05T04:13:27.221Z] INFO: Server Running on port 6969
[2025-02-05T04:13:31.960Z] INFO: Server Starting
[2025-02-05T04:13:31.965Z] INFO: Server Running on port 6969
[2025-02-05T04:13:40.289Z] INFO: Server Starting
[2025-02-05T04:13:40.294Z] INFO: Server Running on port 6969
[2025-02-05T04:13:49.824Z] INFO: Server Starting
[2025-02-05T04:13:49.828Z] INFO: Server Running on port 6969
[2025-02-05T04:13:54.636Z] INFO: Server Starting
[2025-02-05T04:13:54.641Z] INFO: Server Running on port 6969
[2025-02-05T04:13:57.983Z] INFO: Server Starting
[2025-02-05T04:13:57.988Z] INFO: Server Running on port 6969
[2025-02-05T04:14:09.517Z] INFO: Server Starting
[2025-02-05T04:14:09.522Z] INFO: Server Running on port 6969
[2025-02-05T04:14:12.430Z] INFO: Server Starting
[2025-02-05T04:14:12.435Z] INFO: Server Running on port 6969
[2025-02-05T04:14:15.774Z] INFO: Server Starting
[2025-02-05T04:14:15.778Z] INFO: Server Running on port 6969
[2025-02-05T04:14:17.719Z] INFO: Server Starting
[2025-02-05T04:14:17.723Z] INFO: Server Running on port 6969
[2025-02-05T04:14:25.232Z] INFO: Server Starting
[2025-02-05T04:14:25.237Z] INFO: Server Running on port 6969
[2025-02-05T04:14:28.835Z] INFO: Server Starting
[2025-02-05T04:14:28.840Z] INFO: Server Running on port 6969
[2025-02-05T04:14:42.641Z] INFO: Server Starting
[2025-02-05T04:14:42.647Z] INFO: Server Running on port 6969
[2025-02-05T04:14:54.648Z] INFO: Server Starting
[2025-02-05T04:14:54.653Z] INFO: Server Running on port 6969
[2025-02-05T04:15:08.988Z] INFO: Server Starting
[2025-02-05T04:15:08.993Z] INFO: Server Running on port 6969
[2025-02-05T04:15:13.345Z] INFO: Server Starting
[2025-02-05T04:15:13.349Z] INFO: Server Running on port 6969
[2025-02-05T04:15:14.889Z] INFO: Server Starting
[2025-02-05T04:15:14.893Z] INFO: Server Running on port 6969
[2025-02-05T04:15:17.905Z] INFO: Server Starting
[2025-02-05T04:15:17.910Z] INFO: Server Running on port 6969
[2025-02-05T04:15:23.243Z] INFO: Server Starting
[2025-02-05T04:15:23.248Z] INFO: Server Running on port 6969
[2025-02-05T04:15:32.565Z] INFO: Server Starting
[2025-02-05T04:15:32.569Z] INFO: Server Running on port 6969
[2025-02-05T04:15:35.614Z] INFO: Server Starting
[2025-02-05T04:15:35.618Z] INFO: Server Running on port 6969
[2025-02-05T04:15:35.957Z] INFO: Server Starting
[2025-02-05T04:15:35.962Z] INFO: Server Running on port 6969
[2025-02-05T04:15:37.503Z] INFO: Server Starting
[2025-02-05T04:15:37.508Z] INFO: Server Running on port 6969
[2025-02-05T04:15:43.708Z] INFO: Server Starting
[2025-02-05T04:15:43.713Z] INFO: Server Running on port 6969
[2025-02-05T04:15:45.244Z] INFO: Server Starting
[2025-02-05T04:15:45.248Z] INFO: Server Running on port 6969
[2025-02-05T04:15:48.530Z] INFO: Server Starting
[2025-02-05T04:15:48.535Z] INFO: Server Running on port 6969
[2025-02-05T04:16:01.493Z] INFO: Server Starting
[2025-02-05T04:16:01.497Z] INFO: Server Running on port 6969
[2025-02-05T04:16:03.607Z] INFO: Server Starting
[2025-02-05T04:16:03.612Z] INFO: Server Running on port 6969
[2025-02-05T04:16:08.894Z] INFO: Server Starting
[2025-02-05T04:16:08.899Z] INFO: Server Running on port 6969
[2025-02-05T04:16:09.091Z] INFO: Server Starting
[2025-02-05T04:16:09.095Z] INFO: Server Running on port 6969
[2025-02-05T04:16:24.208Z] INFO: Server Starting
[2025-02-05T04:16:24.214Z] INFO: Server Running on port 6969
[2025-02-05T04:16:36.313Z] INFO: Server Starting
[2025-02-05T04:16:36.320Z] INFO: Server Running on port 6969
[2025-02-05T04:16:40.437Z] INFO: Server Starting
[2025-02-05T04:16:40.442Z] INFO: Server Running on port 6969
[2025-02-05T04:16:53.137Z] INFO: Server Starting
[2025-02-05T04:16:53.142Z] INFO: Server Running on port 6969
[2025-02-05T04:17:02.231Z] INFO: Server Starting
[2025-02-05T04:17:02.236Z] INFO: Server Running on port 6969
[2025-02-05T04:17:06.038Z] INFO: Server Starting
[2025-02-05T04:17:06.042Z] INFO: Server Running on port 6969
[2025-02-05T04:17:09.983Z] INFO: Server Starting
[2025-02-05T04:17:09.988Z] INFO: Server Running on port 6969
[2025-02-05T04:17:15.251Z] INFO: Server Starting
[2025-02-05T04:17:15.256Z] INFO: Server Running on port 6969
[2025-02-05T04:17:24.426Z] INFO: Server Starting
[2025-02-05T04:17:24.431Z] INFO: Server Running on port 6969
[2025-02-05T04:17:37.554Z] INFO: Server Starting
[2025-02-05T04:17:37.561Z] INFO: Server Running on port 6969
[2025-02-05T04:17:44.141Z] INFO: Server Starting
[2025-02-05T04:17:44.147Z] INFO: Server Running on port 6969
[2025-02-05T04:17:46.073Z] INFO: Server Starting
[2025-02-05T04:17:46.078Z] INFO: Server Running on port 6969
[2025-02-05T04:18:00.962Z] INFO: Server Starting
[2025-02-05T04:18:00.968Z] INFO: Server Running on port 6969
[2025-02-05T04:18:09.300Z] INFO: Server Starting
[2025-02-05T04:18:09.305Z] INFO: Server Running on port 6969
[2025-02-05T04:18:20.125Z] INFO: Server Starting
[2025-02-05T04:18:20.131Z] INFO: Server Running on port 6969
[2025-02-05T04:19:19.869Z] INFO: Server Starting
[2025-02-05T04:19:19.875Z] INFO: Server Running on port 6969
[2025-02-05T04:19:21.693Z] INFO: Server Starting
[2025-02-05T04:19:21.698Z] INFO: Server Running on port 6969
[2025-02-05T04:19:33.940Z] INFO: Server Starting
[2025-02-05T04:19:33.946Z] INFO: Server Running on port 6969
[2025-02-05T04:19:35.871Z] INFO: Server Starting
[2025-02-05T04:19:35.876Z] INFO: Server Running on port 6969
[2025-02-05T04:19:40.263Z] INFO: Server Starting
[2025-02-05T04:19:40.268Z] INFO: Server Running on port 6969
[2025-02-05T04:19:43.854Z] INFO: Server Starting
[2025-02-05T04:19:43.859Z] INFO: Server Running on port 6969
[2025-02-05T04:19:44.937Z] INFO: Server Starting
[2025-02-05T04:19:44.942Z] INFO: Server Running on port 6969
[2025-02-05T04:19:59.006Z] INFO: Server Starting
[2025-02-05T04:19:59.012Z] INFO: Server Running on port 6969
[2025-02-05T04:20:03.302Z] INFO: Server Starting
[2025-02-05T04:20:03.307Z] INFO: Server Running on port 6969
[2025-02-05T04:20:20.307Z] INFO: Server Starting
[2025-02-05T04:20:20.312Z] INFO: Server Running on port 6969
[2025-02-05T04:20:28.482Z] INFO: Server Starting
[2025-02-05T04:20:28.488Z] INFO: Server Running on port 6969
[2025-02-05T04:20:34.106Z] INFO: Server Starting
[2025-02-05T04:20:34.111Z] INFO: Server Running on port 6969
[2025-02-05T04:20:37.017Z] INFO: Server Starting
[2025-02-05T04:20:37.021Z] INFO: Server Running on port 6969
[2025-02-05T04:20:42.214Z] INFO: Server Starting
[2025-02-05T04:20:42.218Z] INFO: Server Running on port 6969
[2025-02-05T04:20:46.130Z] INFO: Server Starting
[2025-02-05T04:20:46.134Z] INFO: Server Running on port 6969
[2025-02-05T04:20:49.605Z] INFO: Server Starting
[2025-02-05T04:20:49.610Z] INFO: Server Running on port 6969
[2025-02-05T04:20:53.661Z] INFO: Server Starting
[2025-02-05T04:20:53.666Z] INFO: Server Running on port 6969
[2025-02-05T04:22:07.460Z] INFO: Server Starting
[2025-02-05T04:22:07.466Z] INFO: Server Running on port 6969
[2025-02-05T04:22:24.742Z] INFO: Server Starting
[2025-02-05T04:22:24.748Z] INFO: Server Running on port 6969
[2025-02-05T04:22:35.321Z] INFO: Server Starting
[2025-02-05T04:22:35.327Z] INFO: Server Running on port 6969
[2025-02-05T04:22:37.934Z] INFO: Server Starting
[2025-02-05T04:22:37.939Z] INFO: Server Running on port 6969
[2025-02-05T04:22:39.662Z] INFO: Server Starting
[2025-02-05T04:22:39.666Z] INFO: Server Running on port 6969
[2025-02-05T04:22:44.300Z] INFO: Server Starting
[2025-02-05T04:22:44.304Z] INFO: Server Running on port 6969
[2025-02-05T04:22:50.954Z] INFO: Server Starting
[2025-02-05T04:22:50.958Z] INFO: Server Running on port 6969
[2025-02-05T04:22:52.548Z] INFO: Server Starting
[2025-02-05T04:22:52.553Z] INFO: Server Running on port 6969
[2025-02-05T04:23:08.185Z] INFO: Server Starting
[2025-02-05T04:23:08.192Z] INFO: Server Running on port 6969
[2025-02-05T04:23:10.216Z] INFO: Server Starting
[2025-02-05T04:23:10.221Z] INFO: Server Running on port 6969
[2025-02-05T04:23:13.230Z] INFO: Server Starting
[2025-02-05T04:23:13.234Z] INFO: Server Running on port 6969
[2025-02-05T04:23:15.987Z] INFO: Server Starting
[2025-02-05T04:23:15.991Z] INFO: Server Running on port 6969
[2025-02-05T04:23:18.216Z] INFO: Server Starting
[2025-02-05T04:23:18.221Z] INFO: Server Running on port 6969
[2025-02-05T04:23:22.720Z] INFO: Server Starting
[2025-02-05T04:23:22.725Z] INFO: Server Running on port 6969
[2025-02-05T04:46:06.176Z] INFO: ::ffff:127.0.0.1 - - [05/Feb/2025:04:46:06 +0000] "POST /api/obscurer HTTP/1.1" 404 152 "http://localhost:5173/" "Mozilla/5.0 (Macintosh; Intel Mac OS X 10.15; rv:134.0) Gecko/20100101 Firefox/134.0"
[2025-02-05T04:46:56.056Z] INFO: ::ffff:127.0.0.1 - - [05/Feb/2025:04:46:56 +0000] "POST /api/obscurer HTTP/1.1" 404 152 "http://localhost:5173/" "Mozilla/5.0 (Macintosh; Intel Mac OS X 10.15; rv:134.0) Gecko/20100101 Firefox/134.0"
[2025-02-05T05:14:44.303Z] INFO: ::ffff:127.0.0.1 - - [05/Feb/2025:05:14:44 +0000] "POST /api/obscurer HTTP/1.1" 404 152 "http://localhost:5173/" "Mozilla/5.0 (Macintosh; Intel Mac OS X 10.15; rv:134.0) Gecko/20100101 Firefox/134.0"
[2025-02-05T05:16:09.458Z] INFO: Server Starting
[2025-02-05T05:16:09.464Z] INFO: Server Running on port 6969
[2025-02-05T05:16:22.364Z] INFO: Server Starting
[2025-02-05T05:16:22.370Z] INFO: Server Running on port 6969
[2025-02-05T05:16:23.862Z] INFO: Server Starting
[2025-02-05T05:16:23.867Z] INFO: Server Running on port 6969
[2025-02-05T05:16:26.011Z] INFO: Server Starting
[2025-02-05T05:16:26.016Z] INFO: Server Running on port 6969
[2025-02-05T05:16:33.839Z] INFO: Server Starting
[2025-02-05T05:16:33.844Z] INFO: Server Running on port 6969
[2025-02-05T05:16:36.249Z] INFO: Server Starting
[2025-02-05T05:16:36.253Z] INFO: Server Running on port 6969
[2025-02-05T05:16:39.205Z] INFO: Server Starting
[2025-02-05T05:16:39.209Z] INFO: Server Running on port 6969
[2025-02-05T05:16:41.855Z] INFO: Server Starting
[2025-02-05T05:16:41.860Z] INFO: Server Running on port 6969
[2025-02-05T05:16:46.171Z] INFO: Server Starting
[2025-02-05T05:16:46.175Z] INFO: Server Running on port 6969
[2025-02-05T05:16:50.350Z] INFO: Server Starting
[2025-02-05T05:16:50.355Z] INFO: Server Running on port 6969
[2025-02-05T05:16:56.990Z] INFO: Server Starting
[2025-02-05T05:16:56.994Z] INFO: Server Running on port 6969
[2025-02-05T05:17:01.018Z] INFO: Server Starting
[2025-02-05T05:17:01.023Z] INFO: Server Running on port 6969
[2025-02-05T05:17:09.497Z] INFO: Server Starting
[2025-02-05T05:17:09.501Z] INFO: Server Running on port 6969
[2025-02-05T05:17:35.806Z] INFO: Server Starting
[2025-02-05T05:17:35.812Z] INFO: Server Running on port 6969
[2025-02-05T05:17:40.096Z] INFO: Server Starting
[2025-02-05T05:17:40.101Z] INFO: Server Running on port 6969
[2025-02-05T05:17:41.308Z] INFO: Server Starting
[2025-02-05T05:17:41.313Z] INFO: Server Running on port 6969
[2025-02-05T05:17:49.271Z] INFO: Server Starting
[2025-02-05T05:17:49.276Z] INFO: Server Running on port 6969
[2025-02-05T05:17:50.302Z] INFO: Server Starting
[2025-02-05T05:17:50.307Z] INFO: Server Running on port 6969
[2025-02-05T05:17:52.200Z] INFO: Server Starting
[2025-02-05T05:17:52.205Z] INFO: Server Running on port 6969
[2025-02-05T05:18:08.329Z] INFO: Server Starting
[2025-02-05T05:18:08.335Z] INFO: Server Running on port 6969
[2025-02-05T05:18:09.581Z] INFO: Server Starting
[2025-02-05T05:18:09.586Z] INFO: Server Running on port 6969
[2025-02-05T05:18:11.876Z] INFO: Server Starting
[2025-02-05T05:18:11.880Z] INFO: Server Running on port 6969
[2025-02-05T05:18:13.654Z] INFO: Server Starting
[2025-02-05T05:18:13.659Z] INFO: Server Running on port 6969
[2025-02-05T05:18:19.582Z] INFO: Server Starting
[2025-02-05T05:18:19.587Z] INFO: Server Running on port 6969
[2025-02-05T05:18:22.615Z] INFO: Server Starting
[2025-02-05T05:18:22.619Z] INFO: Server Running on port 6969
[2025-02-05T05:18:26.770Z] INFO: Server Starting
[2025-02-05T05:18:26.774Z] INFO: Server Running on port 6969
[2025-02-05T05:18:37.323Z] INFO: Server Starting
[2025-02-05T05:18:37.327Z] INFO: Server Running on port 6969
[2025-02-05T05:18:46.237Z] INFO: Server Starting
[2025-02-05T05:18:46.241Z] INFO: Server Running on port 6969
[2025-02-05T05:18:49.980Z] INFO: Server Starting
[2025-02-05T05:18:49.985Z] INFO: Server Running on port 6969
[2025-02-05T05:18:55.886Z] INFO: Server Starting
[2025-02-05T05:18:55.891Z] INFO: Server Running on port 6969
[2025-02-05T05:18:59.278Z] INFO: Server Starting
[2025-02-05T05:18:59.283Z] INFO: Server Running on port 6969
[2025-02-05T05:19:03.255Z] INFO: Server Starting
[2025-02-05T05:19:03.260Z] INFO: Server Running on port 6969
[2025-02-05T05:19:13.123Z] INFO: Server Starting
[2025-02-05T05:19:13.129Z] INFO: Server Running on port 6969
[2025-02-05T05:19:19.329Z] INFO: Server Starting
[2025-02-05T05:19:19.335Z] INFO: Server Running on port 6969
[2025-02-05T05:19:21.466Z] INFO: Server Starting
[2025-02-05T05:19:21.471Z] INFO: Server Running on port 6969
[2025-02-05T05:19:22.773Z] INFO: Server Starting
[2025-02-05T05:19:22.778Z] INFO: Server Running on port 6969
[2025-02-05T05:19:23.831Z] INFO: Server Starting
[2025-02-05T05:19:23.836Z] INFO: Server Running on port 6969
[2025-02-05T05:19:26.331Z] INFO: Server Starting
[2025-02-05T05:19:26.336Z] INFO: Server Running on port 6969
[2025-02-05T05:19:26.647Z] INFO: Server Starting
[2025-02-05T05:19:26.652Z] INFO: Server Running on port 6969
[2025-02-05T05:19:33.869Z] INFO: Server Starting
[2025-02-05T05:19:33.874Z] INFO: Server Running on port 6969
[2025-02-05T05:19:35.582Z] INFO: Server Starting
[2025-02-05T05:19:35.587Z] INFO: Server Running on port 6969
[2025-02-05T05:19:42.977Z] INFO: Server Starting
[2025-02-05T05:19:42.982Z] INFO: Server Running on port 6969
[2025-02-05T05:20:38.893Z] INFO: Server Starting
[2025-02-05T05:20:38.899Z] INFO: Server Running on port 6969
[2025-02-05T05:20:39.716Z] INFO: Server Starting
[2025-02-05T05:20:39.721Z] INFO: Server Running on port 6969
[2025-02-05T05:20:45.129Z] INFO: ::ffff:127.0.0.1 - - [05/Feb/2025:05:20:45 +0000] "POST /api/obscurer HTTP/1.1" 404 152 "http://localhost:5173/" "Mozilla/5.0 (Macintosh; Intel Mac OS X 10.15; rv:134.0) Gecko/20100101 Firefox/134.0"
[2025-02-05T05:21:25.186Z] INFO: ::ffff:127.0.0.1 - - [05/Feb/2025:05:21:25 +0000] "POST /api/obscurer HTTP/1.1" 404 152 "http://localhost:5173/" "Mozilla/5.0 (Macintosh; Intel Mac OS X 10.15; rv:134.0) Gecko/20100101 Firefox/134.0"
[2025-02-05T05:23:40.219Z] INFO: ::ffff:127.0.0.1 - - [05/Feb/2025:05:23:40 +0000] "POST /api/obscurer HTTP/1.1" 404 152 "http://localhost:5173/" "Mozilla/5.0 (Macintosh; Intel Mac OS X 10.15; rv:134.0) Gecko/20100101 Firefox/134.0"
[2025-02-05T05:24:55.354Z] INFO: Server Starting
[2025-02-05T05:24:55.360Z] INFO: Server Running on port 6969
[2025-02-05T05:24:55.950Z] INFO: Server Starting
[2025-02-05T05:24:55.955Z] INFO: Server Running on port 6969
[2025-02-05T05:25:10.785Z] INFO: Server Starting
[2025-02-05T05:25:10.792Z] INFO: Server Running on port 6969
[2025-02-05T05:25:19.630Z] INFO: Server Starting
[2025-02-05T05:25:19.637Z] INFO: Server Running on port 6969
[2025-02-05T05:25:22.833Z] INFO: Server Starting
[2025-02-05T05:25:22.838Z] INFO: Server Running on port 6969
[2025-02-05T05:25:24.019Z] INFO: ::ffff:127.0.0.1 - - [05/Feb/2025:05:25:24 +0000] "POST /api/obscurer HTTP/1.1" 200 61 "http://localhost:5173/" "Mozilla/5.0 (Macintosh; Intel Mac OS X 10.15; rv:134.0) Gecko/20100101 Firefox/134.0"
